<?xml version="1.0" encoding="UTF-8"?>
<!-- Generated by org.testng.reporters.JUnitXMLReporter -->
<testsuite ignored="1" hostname="SansreeIrvine" failures="0" tests="2" name="Test" time="43.137" errors="0" timestamp="2024-10-23T01:59:54 PDT">
  <testcase classname="testCases.TC001_AccountRegistrationTest" name="verify_account_registration" time="16.26"/>
  <testcase classname="testCases.TC002_LoginTest" name="verifyLogin" time="20.756"/>
  <testcase classname="testCases.TC003_LoginDDT" name="verify_LoginDDT" time="0.0">
    <ignored/>
  </testcase> <!-- verify_LoginDDT -->
</testsuite> <!-- Test -->
