<?xml version="1.0" encoding="UTF-8"?>
<testng-results ignored="0" total="2" passed="2" failed="0" skipped="0">
  <reporter-output>
  </reporter-output>
  <suite started-at="2024-10-24T21:03:16 PDT" name="Master Suite" finished-at="2024-10-24T21:03:56 PDT" duration-ms="39744">
    <groups>
      <group name="Master">
        <method signature="TC002_LoginTest.verifyLogin()[pri:1, instance:testCases.TC002_LoginTest@42463763]" name="verifyLogin" class="testCases.TC002_LoginTest"/>
        <method signature="TC001_AccountRegistrationTest.verify_account_registration()[pri:2, instance:testCases.TC001_AccountRegistrationTest@35d08e6c]" name="verify_account_registration" class="testCases.TC001_AccountRegistrationTest"/>
      </group> <!-- Master -->
      <group name="Sanity">
        <method signature="TC002_LoginTest.verifyLogin()[pri:1, instance:testCases.TC002_LoginTest@42463763]" name="verifyLogin" class="testCases.TC002_LoginTest"/>
      </group> <!-- Sanity -->
      <group name="Regression">
        <method signature="TC001_AccountRegistrationTest.verify_account_registration()[pri:2, instance:testCases.TC001_AccountRegistrationTest@35d08e6c]" name="verify_account_registration" class="testCases.TC001_AccountRegistrationTest"/>
      </group> <!-- Regression -->
    </groups>
    <test started-at="2024-10-24T21:03:16 PDT" name="Test" finished-at="2024-10-24T21:03:56 PDT" duration-ms="39744">
      <class name="testCases.TC002_LoginTest">
        <test-method is-config="true" signature="setup(java.lang.String,java.lang.String)[pri:0, instance:testCases.TC002_LoginTest@42463763]" started-at="2024-10-24T21:03:37 PDT" name="setup" finished-at="2024-10-24T21:03:49 PDT" duration-ms="11988" status="PASS">
          <params>
            <param index="0">
              <value>
                <![CDATA[Windows]]>
              </value>
            </param>
            <param index="1">
              <value>
                <![CDATA[chrome]]>
              </value>
            </param>
          </params>
          <reporter-output>
          </reporter-output>
        </test-method> <!-- setup -->
        <test-method signature="verifyLogin()[pri:1, instance:testCases.TC002_LoginTest@42463763]" started-at="2024-10-24T21:03:49 PDT" name="verifyLogin" finished-at="2024-10-24T21:03:55 PDT" duration-ms="6510" status="PASS">
          <reporter-output>
          </reporter-output>
        </test-method> <!-- verifyLogin -->
        <test-method is-config="true" signature="teardown()[pri:0, instance:testCases.TC002_LoginTest@42463763]" started-at="2024-10-24T21:03:55 PDT" name="teardown" finished-at="2024-10-24T21:03:56 PDT" duration-ms="185" status="PASS">
          <reporter-output>
          </reporter-output>
        </test-method> <!-- teardown -->
      </class> <!-- testCases.TC002_LoginTest -->
      <class name="testCases.TC001_AccountRegistrationTest">
        <test-method is-config="true" signature="setup(java.lang.String,java.lang.String)[pri:0, instance:testCases.TC001_AccountRegistrationTest@35d08e6c]" started-at="2024-10-24T21:03:16 PDT" name="setup" finished-at="2024-10-24T21:03:28 PDT" duration-ms="12118" status="PASS">
          <params>
            <param index="0">
              <value>
                <![CDATA[Windows]]>
              </value>
            </param>
            <param index="1">
              <value>
                <![CDATA[chrome]]>
              </value>
            </param>
          </params>
          <reporter-output>
          </reporter-output>
        </test-method> <!-- setup -->
        <test-method signature="verify_account_registration()[pri:2, instance:testCases.TC001_AccountRegistrationTest@35d08e6c]" started-at="2024-10-24T21:03:28 PDT" name="verify_account_registration" finished-at="2024-10-24T21:03:37 PDT" duration-ms="8585" status="PASS">
          <reporter-output>
          </reporter-output>
        </test-method> <!-- verify_account_registration -->
        <test-method is-config="true" signature="teardown()[pri:0, instance:testCases.TC001_AccountRegistrationTest@35d08e6c]" started-at="2024-10-24T21:03:37 PDT" name="teardown" finished-at="2024-10-24T21:03:37 PDT" duration-ms="192" status="PASS">
          <reporter-output>
          </reporter-output>
        </test-method> <!-- teardown -->
      </class> <!-- testCases.TC001_AccountRegistrationTest -->
    </test> <!-- Test -->
  </suite> <!-- Master Suite -->
</testng-results>
