<?xml version="1.0" encoding="UTF-8"?>
<testng-results ignored="0" total="2" passed="2" failed="0" skipped="0">
  <reporter-output>
  </reporter-output>
  <suite started-at="2024-10-24T16:53:27 PDT" name="Suite" finished-at="2024-10-24T16:53:49 PDT" duration-ms="21751">
    <groups>
      <group name="Master">
        <method signature="TC002_LoginTest.verifyLogin()[pri:1, instance:testCases.TC002_LoginTest@2f162cc0]" name="verifyLogin" class="testCases.TC002_LoginTest"/>
        <method signature="TC001_AccountRegistrationTest.verify_account_registration()[pri:2, instance:testCases.TC001_AccountRegistrationTest@6d8792db]" name="verify_account_registration" class="testCases.TC001_AccountRegistrationTest"/>
      </group> <!-- Master -->
      <group name="Sanity">
        <method signature="TC002_LoginTest.verifyLogin()[pri:1, instance:testCases.TC002_LoginTest@2f162cc0]" name="verifyLogin" class="testCases.TC002_LoginTest"/>
      </group> <!-- Sanity -->
      <group name="Regression">
        <method signature="TC001_AccountRegistrationTest.verify_account_registration()[pri:2, instance:testCases.TC001_AccountRegistrationTest@6d8792db]" name="verify_account_registration" class="testCases.TC001_AccountRegistrationTest"/>
      </group> <!-- Regression -->
    </groups>
    <test started-at="2024-10-24T16:53:27 PDT" name="Linux Chrome" finished-at="2024-10-24T16:53:49 PDT" duration-ms="21751">
      <class name="testCases.TC002_LoginTest">
        <test-method is-config="true" signature="setup(java.lang.String,java.lang.String)[pri:0, instance:testCases.TC002_LoginTest@2f162cc0]" started-at="2024-10-24T16:53:40 PDT" name="setup" finished-at="2024-10-24T16:53:42 PDT" duration-ms="2692" status="PASS">
          <params>
            <param index="0">
              <value>
                <![CDATA[Linux]]>
              </value>
            </param>
            <param index="1">
              <value>
                <![CDATA[chrome]]>
              </value>
            </param>
          </params>
          <reporter-output>
          </reporter-output>
        </test-method> <!-- setup -->
        <test-method signature="verifyLogin()[pri:1, instance:testCases.TC002_LoginTest@2f162cc0]" started-at="2024-10-24T16:53:42 PDT" name="verifyLogin" finished-at="2024-10-24T16:53:49 PDT" duration-ms="6828" status="PASS">
          <reporter-output>
          </reporter-output>
        </test-method> <!-- verifyLogin -->
        <test-method is-config="true" signature="teardown()[pri:0, instance:testCases.TC002_LoginTest@2f162cc0]" started-at="2024-10-24T16:53:49 PDT" name="teardown" finished-at="2024-10-24T16:53:49 PDT" duration-ms="87" status="PASS">
          <reporter-output>
          </reporter-output>
        </test-method> <!-- teardown -->
      </class> <!-- testCases.TC002_LoginTest -->
      <class name="testCases.TC001_AccountRegistrationTest">
        <test-method is-config="true" signature="setup(java.lang.String,java.lang.String)[pri:0, instance:testCases.TC001_AccountRegistrationTest@6d8792db]" started-at="2024-10-24T16:53:28 PDT" name="setup" finished-at="2024-10-24T16:53:31 PDT" duration-ms="3406" status="PASS">
          <params>
            <param index="0">
              <value>
                <![CDATA[Linux]]>
              </value>
            </param>
            <param index="1">
              <value>
                <![CDATA[chrome]]>
              </value>
            </param>
          </params>
          <reporter-output>
          </reporter-output>
        </test-method> <!-- setup -->
        <test-method signature="verify_account_registration()[pri:2, instance:testCases.TC001_AccountRegistrationTest@6d8792db]" started-at="2024-10-24T16:53:31 PDT" name="verify_account_registration" finished-at="2024-10-24T16:53:40 PDT" duration-ms="8484" status="PASS">
          <reporter-output>
          </reporter-output>
        </test-method> <!-- verify_account_registration -->
        <test-method is-config="true" signature="teardown()[pri:0, instance:testCases.TC001_AccountRegistrationTest@6d8792db]" started-at="2024-10-24T16:53:40 PDT" name="teardown" finished-at="2024-10-24T16:53:40 PDT" duration-ms="82" status="PASS">
          <reporter-output>
          </reporter-output>
        </test-method> <!-- teardown -->
      </class> <!-- testCases.TC001_AccountRegistrationTest -->
    </test> <!-- Linux Chrome -->
  </suite> <!-- Suite -->
</testng-results>
